[0m23:07:21.629675 [debug] [MainThread]: Sending event: {'category': 'dbt', 'action': 'invocation', 'label': 'start', 'context': [<snowplow_tracker.self_describing_json.SelfDescribingJson object at 0x7f9e418fc2e0>, <snowplow_tracker.self_describing_json.SelfDescribingJson object at 0x7f9e3fd8bbb0>, <snowplow_tracker.self_describing_json.SelfDescribingJson object at 0x7f9e3fd8bb50>]}


============================== 23:07:21.644926 | d01e9540-1fb5-43ba-91c5-546e20f2cabf ==============================
[0m23:07:21.644926 [info ] [MainThread]: Running with dbt=1.8.5
[0m23:07:21.646571 [debug] [MainThread]: running dbt with arguments {'printer_width': '80', 'indirect_selection': 'eager', 'write_json': 'True', 'log_cache_events': 'False', 'partial_parse': 'True', 'cache_selected_only': 'False', 'warn_error': 'None', 'version_check': 'True', 'profiles_dir': '/root/.dbt', 'log_path': 'logs', 'fail_fast': 'False', 'debug': 'False', 'use_colors': 'True', 'use_experimental_parser': 'False', 'no_print': 'None', 'quiet': 'False', 'empty': 'None', 'log_format': 'default', 'introspect': 'True', 'warn_error_options': 'WarnErrorOptions(include=[], exclude=[])', 'static_parser': 'True', 'target_path': 'None', 'invocation_command': 'dbt init dbt_spotify_app', 'send_anonymous_usage_stats': 'True'}
[0m23:07:21.680436 [warn ] [MainThread]: [ConfigFolderDirectory]: Unable to parse dict {'dir': PosixPath('/root/.dbt')}
[0m23:07:21.681898 [info ] [MainThread]: Creating dbt configuration folder at 
[0m23:07:21.686086 [debug] [MainThread]: Starter project path: /usr/local/lib/python3.9/site-packages/dbt/include/starter_project
[0m23:07:21.704273 [info ] [MainThread]: 
Your new dbt project "dbt_spotify_app" was created!

For more information on how to configure the profiles.yml file,
please consult the dbt documentation here:

  https://docs.getdbt.com/docs/configure-your-profile

One more thing:

Need help? Don't hesitate to reach out to us via GitHub issues or on Slack:

  https://community.getdbt.com/

Happy modeling!

[0m23:07:21.706450 [info ] [MainThread]: Setting up your profile.
[0m23:15:39.223059 [info ] [MainThread]: Profile dbt_spotify_app written to /root/.dbt/profiles.yml using target's profile_template.yml and your supplied values. Run 'dbt debug' to validate the connection.
[0m23:15:39.268666 [debug] [MainThread]: Resource report: {"command_name": "init", "command_success": true, "command_wall_clock_time": 497.84564, "process_user_time": 3.260618, "process_kernel_time": 0.274257, "process_mem_max_rss": "88728", "process_in_blocks": "1112", "process_out_blocks": "112"}
[0m23:15:39.272296 [debug] [MainThread]: Command `dbt init` succeeded at 23:15:39.271634 after 497.85 seconds
[0m23:15:39.275712 [debug] [MainThread]: Sending event: {'category': 'dbt', 'action': 'invocation', 'label': 'end', 'context': [<snowplow_tracker.self_describing_json.SelfDescribingJson object at 0x7f9e418fc2e0>, <snowplow_tracker.self_describing_json.SelfDescribingJson object at 0x7f9e3f1d1cd0>, <snowplow_tracker.self_describing_json.SelfDescribingJson object at 0x7f9e3fd59340>]}
[0m23:15:39.282534 [debug] [MainThread]: Flushing usage events
